
ACO algorithms for the TSP, v1.03
	 OPTIONS:
	Note: time limit is set to default 10 seconds
  -r  --tries with argument "1"
  -s  --tours with argument "800"
      --seed with argument "11"
	Note: optimal solution value is set to default 1
  -i  --tsplibfile with argument "../rue_large/3000/test/3000-93.tsp"
acs_flag is set to 1, run Ant Colony System
  -l  --localsearch with argument "3"
  -m  --ants with argument "69"
	Note: number of nearest neighbours in tour construction is set to default 20
  -a  --alpha with argument "4.530000"
  -b  --beta with argument "2.950000"
  -e  --rho with argument "0.430000"
  -q  --q0 with argument "0.700000"
  -m  --ants with argument "0"
  -m  --ants with argument "0"
  -k  --nnls with argument "24"
  -d  --dlb with argument "1"
Non-option arguments:

reading tsp-file ../rue_large/3000/test/3000-93.tsp ... 

calculating distance matrix ..

 .. done

Parameter-settings: 

max_tries		 1
max_tours		 800
max_time		 10.00
seed		 11
optimum			 1
n_ants			 69
nn_ants			 20
alpha			 4.53
beta			 2.95
rho			 0.43
q_0			 0.70
elitist_ants		 0
ras_ranks		 0
ls_flag			 3
nn_ls			 24
dlb_flag		 1
as_flag			 0
eas_flag		 0
ras_flag		 0
mmas_flag		 0
bwas_flag		 0
acs_flag		 1

allocate ants' memory ..

 .. done
Initialization took 0.9013320000 seconds
best 41163771, iteration: 1, time 1.67
best 40859911, iteration: 2, time 2.25
best 40710183, iteration: 3, time 2.85
best 40611079, iteration: 4, time 3.37
best 40577804, iteration: 5, time 3.91
best 40543681, iteration: 6, time 4.44
best 40481762, iteration: 7, time 4.97
best 40450312, iteration: 8, time 5.48
best 40412318, iteration: 9, time 5.95
best 40365875, iteration: 10, time 6.42
best 40340631, iteration: 11, time 6.87
best 40328938, iteration: 12, time 7.33
best 40313868, iteration: 13, time 7.80
best 40293567, iteration: 14, time 8.27
best 40261668, iteration: 15, time 8.74
best 40215932, iteration: 16, time 9.21
best 40207472, iteration: 17, time 9.64
best 40179456, iteration: 18, time 10.00

 Best Solution in try 0 is 40179456
 Best Solution was found after 18 iterations

try 0, Best 40179456, found at iteration 18, found at time 10.001478
 t_avgbest = 10.001478
 t_avgtotal = 10.003111
