
ACO algorithms for the TSP, v1.03
	 OPTIONS:
	Note: time limit is set to default 10 seconds
  -r  --tries with argument "1"
  -s  --tours with argument "800"
      --seed with argument "17"
	Note: optimal solution value is set to default 1
  -i  --tsplibfile with argument "../rue_large/3000/test/3000-92.tsp"
acs_flag is set to 1, run Ant Colony System
  -l  --localsearch with argument "3"
  -m  --ants with argument "69"
	Note: number of nearest neighbours in tour construction is set to default 20
  -a  --alpha with argument "4.530000"
  -b  --beta with argument "2.950000"
  -e  --rho with argument "0.430000"
  -q  --q0 with argument "0.700000"
  -m  --ants with argument "0"
  -m  --ants with argument "0"
  -k  --nnls with argument "24"
  -d  --dlb with argument "1"
Non-option arguments:

reading tsp-file ../rue_large/3000/test/3000-92.tsp ... 

calculating distance matrix ..

 .. done

Parameter-settings: 

max_tries		 1
max_tours		 800
max_time		 10.00
seed		 17
optimum			 1
n_ants			 69
nn_ants			 20
alpha			 4.53
beta			 2.95
rho			 0.43
q_0			 0.70
elitist_ants		 0
ras_ranks		 0
ls_flag			 3
nn_ls			 24
dlb_flag		 1
as_flag			 0
eas_flag		 0
ras_flag		 0
mmas_flag		 0
bwas_flag		 0
acs_flag		 1

allocate ants' memory ..

 .. done
Initialization took 0.9060230000 seconds
best 41242868, iteration: 1, time 1.64
best 41062801, iteration: 2, time 2.20
best 40955569, iteration: 3, time 3.25
best 40883119, iteration: 4, time 3.81
best 40805369, iteration: 5, time 4.38
best 40771613, iteration: 6, time 4.95
best 40710750, iteration: 7, time 5.51
best 40676769, iteration: 8, time 6.05
best 40644421, iteration: 9, time 6.55
best 40575089, iteration: 10, time 7.02
best 40513442, iteration: 11, time 7.53
best 40482456, iteration: 12, time 8.05
best 40441967, iteration: 13, time 8.59
best 40418690, iteration: 14, time 9.13
best 40364732, iteration: 15, time 9.66
best 40350265, iteration: 16, time 10.00

 Best Solution in try 0 is 40350265
 Best Solution was found after 16 iterations

try 0, Best 40350265, found at iteration 16, found at time 10.003238
 t_avgbest = 10.003238
 t_avgtotal = 10.005131
