
ACO algorithms for the TSP, v1.03
	 OPTIONS:
	Note: time limit is set to default 10 seconds
  -r  --tries with argument "1"
  -s  --tours with argument "800"
      --seed with argument "19"
	Note: optimal solution value is set to default 1
  -i  --tsplibfile with argument "../rue_large/3000/test/3000-92.tsp"
acs_flag is set to 1, run Ant Colony System
  -l  --localsearch with argument "3"
  -m  --ants with argument "69"
	Note: number of nearest neighbours in tour construction is set to default 20
  -a  --alpha with argument "4.530000"
  -b  --beta with argument "2.950000"
  -e  --rho with argument "0.430000"
  -q  --q0 with argument "0.700000"
  -m  --ants with argument "0"
  -m  --ants with argument "0"
  -k  --nnls with argument "24"
  -d  --dlb with argument "1"
Non-option arguments:

reading tsp-file ../rue_large/3000/test/3000-92.tsp ... 

calculating distance matrix ..

 .. done

Parameter-settings: 

max_tries		 1
max_tours		 800
max_time		 10.00
seed		 19
optimum			 1
n_ants			 69
nn_ants			 20
alpha			 4.53
beta			 2.95
rho			 0.43
q_0			 0.70
elitist_ants		 0
ras_ranks		 0
ls_flag			 3
nn_ls			 24
dlb_flag		 1
as_flag			 0
eas_flag		 0
ras_flag		 0
mmas_flag		 0
bwas_flag		 0
acs_flag		 1

allocate ants' memory ..

 .. done
Initialization took 1.0929790000 seconds
best 41170672, iteration: 1, time 2.55
best 40948221, iteration: 2, time 3.31
best 40868003, iteration: 3, time 3.89
best 40804197, iteration: 4, time 4.40
best 40758746, iteration: 5, time 4.88
best 40686531, iteration: 6, time 5.40
best 40606652, iteration: 7, time 5.93
best 40553453, iteration: 8, time 6.46
best 40503629, iteration: 9, time 6.99
best 40480731, iteration: 10, time 7.53
best 40446900, iteration: 11, time 8.03
best 40417554, iteration: 12, time 8.53
best 40393298, iteration: 13, time 9.04
best 40364749, iteration: 14, time 9.56
best 40346456, iteration: 15, time 10.00

 Best Solution in try 0 is 40346456
 Best Solution was found after 15 iterations

try 0, Best 40346456, found at iteration 15, found at time 10.003404
 t_avgbest = 10.003404
 t_avgtotal = 10.005318
