
ACO algorithms for the TSP, v1.03
	 OPTIONS:
	Note: time limit is set to default 10 seconds
  -r  --tries with argument "1"
  -s  --tours with argument "800"
      --seed with argument "5"
	Note: optimal solution value is set to default 1
  -i  --tsplibfile with argument "../rue_large/3000/test/3000-93.tsp"
acs_flag is set to 1, run Ant Colony System
  -l  --localsearch with argument "3"
  -m  --ants with argument "69"
	Note: number of nearest neighbours in tour construction is set to default 20
  -a  --alpha with argument "4.530000"
  -b  --beta with argument "2.950000"
  -e  --rho with argument "0.430000"
  -q  --q0 with argument "0.700000"
  -m  --ants with argument "0"
  -m  --ants with argument "0"
  -k  --nnls with argument "24"
  -d  --dlb with argument "1"
Non-option arguments:

reading tsp-file ../rue_large/3000/test/3000-93.tsp ... 

calculating distance matrix ..

 .. done

Parameter-settings: 

max_tries		 1
max_tours		 800
max_time		 10.00
seed		 5
optimum			 1
n_ants			 69
nn_ants			 20
alpha			 4.53
beta			 2.95
rho			 0.43
q_0			 0.70
elitist_ants		 0
ras_ranks		 0
ls_flag			 3
nn_ls			 24
dlb_flag		 1
as_flag			 0
eas_flag		 0
ras_flag		 0
mmas_flag		 0
bwas_flag		 0
acs_flag		 1

allocate ants' memory ..

 .. done
Initialization took 0.9018130000 seconds
best 41088199, iteration: 1, time 1.63
best 40830441, iteration: 2, time 2.22
best 40751402, iteration: 3, time 2.78
best 40690309, iteration: 4, time 3.35
best 40636673, iteration: 5, time 3.92
best 40575379, iteration: 6, time 4.54
best 40537495, iteration: 7, time 5.07
best 40504245, iteration: 8, time 5.61
best 40479636, iteration: 9, time 6.13
best 40465352, iteration: 10, time 6.62
best 40430870, iteration: 11, time 7.08
best 40402214, iteration: 12, time 7.57
best 40375952, iteration: 13, time 8.04
best 40359805, iteration: 14, time 8.54
best 40347018, iteration: 15, time 9.02
best 40332986, iteration: 16, time 9.51
best 40321635, iteration: 17, time 9.99

 Best Solution in try 0 is 40321635
 Best Solution was found after 17 iterations

try 0, Best 40321635, found at iteration 17, found at time 9.989597
 t_avgbest = 9.989597
 t_avgtotal = 10.125023
