
ACO algorithms for the TSP, v1.03
	 OPTIONS:
	Note: time limit is set to default 10 seconds
  -r  --tries with argument "1"
  -s  --tours with argument "800"
      --seed with argument "15"
	Note: optimal solution value is set to default 1
  -i  --tsplibfile with argument "../rue_large/3000/test/3000-93.tsp"
acs_flag is set to 1, run Ant Colony System
  -l  --localsearch with argument "3"
  -m  --ants with argument "69"
	Note: number of nearest neighbours in tour construction is set to default 20
  -a  --alpha with argument "4.530000"
  -b  --beta with argument "2.950000"
  -e  --rho with argument "0.430000"
  -q  --q0 with argument "0.700000"
  -m  --ants with argument "0"
  -m  --ants with argument "0"
  -k  --nnls with argument "24"
  -d  --dlb with argument "1"
Non-option arguments:

reading tsp-file ../rue_large/3000/test/3000-93.tsp ... 

calculating distance matrix ..

 .. done

Parameter-settings: 

max_tries		 1
max_tours		 800
max_time		 10.00
seed		 15
optimum			 1
n_ants			 69
nn_ants			 20
alpha			 4.53
beta			 2.95
rho			 0.43
q_0			 0.70
elitist_ants		 0
ras_ranks		 0
ls_flag			 3
nn_ls			 24
dlb_flag		 1
as_flag			 0
eas_flag		 0
ras_flag		 0
mmas_flag		 0
bwas_flag		 0
acs_flag		 1

allocate ants' memory ..

 .. done
Initialization took 0.9009890000 seconds
best 41210850, iteration: 1, time 1.66
best 40979908, iteration: 2, time 2.20
best 40888402, iteration: 3, time 2.71
best 40803164, iteration: 4, time 3.20
best 40740133, iteration: 5, time 3.69
best 40698337, iteration: 6, time 4.17
best 40663972, iteration: 7, time 4.66
best 40630560, iteration: 8, time 5.14
best 40605767, iteration: 9, time 5.63
best 40583377, iteration: 10, time 6.12
best 40547447, iteration: 11, time 6.57
best 40512313, iteration: 12, time 6.97
best 40476259, iteration: 13, time 7.37
best 40448897, iteration: 14, time 7.76
best 40429542, iteration: 15, time 8.16
best 40399923, iteration: 16, time 8.55
best 40375516, iteration: 17, time 8.94
best 40358188, iteration: 18, time 9.33
best 40327320, iteration: 19, time 9.71
best 40273208, iteration: 20, time 10.00

 Best Solution in try 0 is 40273208
 Best Solution was found after 20 iterations

try 0, Best 40273208, found at iteration 20, found at time 10.002676
 t_avgbest = 10.002676
 t_avgtotal = 10.004244
