
ACO algorithms for the TSP, v1.03
	 OPTIONS:
	Note: time limit is set to default 10 seconds
  -r  --tries with argument "1"
  -s  --tours with argument "800"
      --seed with argument "3"
	Note: optimal solution value is set to default 1
  -i  --tsplibfile with argument "../rue_large/3000/test/3000-93.tsp"
acs_flag is set to 1, run Ant Colony System
  -l  --localsearch with argument "3"
  -m  --ants with argument "69"
	Note: number of nearest neighbours in tour construction is set to default 20
  -a  --alpha with argument "4.530000"
  -b  --beta with argument "2.950000"
  -e  --rho with argument "0.430000"
  -q  --q0 with argument "0.700000"
  -m  --ants with argument "0"
  -m  --ants with argument "0"
  -k  --nnls with argument "24"
  -d  --dlb with argument "1"
Non-option arguments:

reading tsp-file ../rue_large/3000/test/3000-93.tsp ... 

calculating distance matrix ..

 .. done

Parameter-settings: 

max_tries		 1
max_tours		 800
max_time		 10.00
seed		 3
optimum			 1
n_ants			 69
nn_ants			 20
alpha			 4.53
beta			 2.95
rho			 0.43
q_0			 0.70
elitist_ants		 0
ras_ranks		 0
ls_flag			 3
nn_ls			 24
dlb_flag		 1
as_flag			 0
eas_flag		 0
ras_flag		 0
mmas_flag		 0
bwas_flag		 0
acs_flag		 1

allocate ants' memory ..

 .. done
Initialization took 0.9649590000 seconds
best 41128051, iteration: 1, time 1.69
best 40948535, iteration: 2, time 2.32
best 40876864, iteration: 3, time 2.94
best 40811919, iteration: 4, time 3.50
best 40745666, iteration: 5, time 4.13
best 40661243, iteration: 6, time 4.96
best 40592804, iteration: 7, time 5.84
best 40571095, iteration: 8, time 6.47
best 40551779, iteration: 9, time 7.15
best 40526115, iteration: 10, time 7.70
best 40490264, iteration: 11, time 8.24
best 40452361, iteration: 12, time 8.78
best 40427045, iteration: 13, time 9.33
best 40413325, iteration: 14, time 9.91

 Best Solution in try 0 is 40413325
 Best Solution was found after 14 iterations

try 0, Best 40413325, found at iteration 14, found at time 9.907754
 t_avgbest = 9.907754
 t_avgtotal = 10.041342
