
ACO algorithms for the TSP, v1.03
	 OPTIONS:
	Note: time limit is set to default 10 seconds
  -r  --tries with argument "1"
  -s  --tours with argument "800"
      --seed with argument "10"
	Note: optimal solution value is set to default 1
  -i  --tsplibfile with argument "../rue_large/3000/test/3000-93.tsp"
acs_flag is set to 1, run Ant Colony System
  -l  --localsearch with argument "3"
  -m  --ants with argument "69"
	Note: number of nearest neighbours in tour construction is set to default 20
  -a  --alpha with argument "4.530000"
  -b  --beta with argument "2.950000"
  -e  --rho with argument "0.430000"
  -q  --q0 with argument "0.700000"
  -m  --ants with argument "0"
  -m  --ants with argument "0"
  -k  --nnls with argument "24"
  -d  --dlb with argument "1"
Non-option arguments:

reading tsp-file ../rue_large/3000/test/3000-93.tsp ... 

calculating distance matrix ..

 .. done

Parameter-settings: 

max_tries		 1
max_tours		 800
max_time		 10.00
seed		 10
optimum			 1
n_ants			 69
nn_ants			 20
alpha			 4.53
beta			 2.95
rho			 0.43
q_0			 0.70
elitist_ants		 0
ras_ranks		 0
ls_flag			 3
nn_ls			 24
dlb_flag		 1
as_flag			 0
eas_flag		 0
ras_flag		 0
mmas_flag		 0
bwas_flag		 0
acs_flag		 1

allocate ants' memory ..

 .. done
Initialization took 0.9011160000 seconds
best 41124641, iteration: 1, time 1.66
best 40924301, iteration: 2, time 2.23
best 40867206, iteration: 3, time 2.81
best 40828232, iteration: 4, time 3.33
best 40796468, iteration: 5, time 3.88
best 40761704, iteration: 6, time 4.43
best 40710176, iteration: 7, time 4.99
best 40648986, iteration: 8, time 5.51
best 40617210, iteration: 9, time 5.99
best 40590741, iteration: 10, time 6.47
best 40570669, iteration: 11, time 6.94
best 40546809, iteration: 12, time 7.42
best 40524498, iteration: 13, time 7.90
best 40490313, iteration: 14, time 8.37
best 40471109, iteration: 15, time 8.86
best 40452035, iteration: 16, time 9.34
best 40439837, iteration: 17, time 9.80

 Best Solution in try 0 is 40439837
 Best Solution was found after 17 iterations

try 0, Best 40439837, found at iteration 17, found at time 9.802209
 t_avgbest = 9.802209
 t_avgtotal = 10.005052
