
ACO algorithms for the TSP, v1.03
	 OPTIONS:
	Note: time limit is set to default 10 seconds
  -r  --tries with argument "1"
  -s  --tours with argument "800"
      --seed with argument "7"
	Note: optimal solution value is set to default 1
  -i  --tsplibfile with argument "../rue_large/3000/test/3000-93.tsp"
acs_flag is set to 1, run Ant Colony System
  -l  --localsearch with argument "3"
  -m  --ants with argument "69"
	Note: number of nearest neighbours in tour construction is set to default 20
  -a  --alpha with argument "4.530000"
  -b  --beta with argument "2.950000"
  -e  --rho with argument "0.430000"
  -q  --q0 with argument "0.700000"
  -m  --ants with argument "0"
  -m  --ants with argument "0"
  -k  --nnls with argument "24"
  -d  --dlb with argument "1"
Non-option arguments:

reading tsp-file ../rue_large/3000/test/3000-93.tsp ... 

calculating distance matrix ..

 .. done

Parameter-settings: 

max_tries		 1
max_tours		 800
max_time		 10.00
seed		 7
optimum			 1
n_ants			 69
nn_ants			 20
alpha			 4.53
beta			 2.95
rho			 0.43
q_0			 0.70
elitist_ants		 0
ras_ranks		 0
ls_flag			 3
nn_ls			 24
dlb_flag		 1
as_flag			 0
eas_flag		 0
ras_flag		 0
mmas_flag		 0
bwas_flag		 0
acs_flag		 1

allocate ants' memory ..

 .. done
Initialization took 0.9084370000 seconds
best 41086287, iteration: 1, time 1.63
best 40862950, iteration: 2, time 2.20
best 40786746, iteration: 3, time 2.76
best 40736350, iteration: 4, time 3.33
best 40700576, iteration: 5, time 3.83
best 40655998, iteration: 6, time 4.37
best 40623638, iteration: 7, time 4.88
best 40580200, iteration: 8, time 5.42
best 40551242, iteration: 9, time 5.92
best 40533039, iteration: 10, time 6.40
best 40510508, iteration: 11, time 6.86
best 40489875, iteration: 12, time 7.32
best 40469690, iteration: 13, time 7.79
best 40439741, iteration: 14, time 8.26
best 40371993, iteration: 15, time 8.73
best 40361374, iteration: 16, time 9.19
best 40348570, iteration: 17, time 9.66
best 40313392, iteration: 18, time 10.00

 Best Solution in try 0 is 40313392
 Best Solution was found after 18 iterations

try 0, Best 40313392, found at iteration 18, found at time 10.000768
 t_avgbest = 10.000768
 t_avgtotal = 10.002468
